[2021-07-20 13:00:47] ReferenceError: to is not defined
    at Object.backtest (/app/api/services/stats.js:25:17)
    at /app/api/routes.js:45:32
    at Layer.handle [as handle_request] (/app/api/node_modules/express/lib/router/layer.js:95:5)
    at next (/app/api/node_modules/express/lib/router/route.js:137:13)
    at Route.dispatch (/app/api/node_modules/express/lib/router/route.js:112:3)
    at Layer.handle [as handle_request] (/app/api/node_modules/express/lib/router/layer.js:95:5)
    at /app/api/node_modules/express/lib/router/index.js:281:22
    at Function.process_params (/app/api/node_modules/express/lib/router/index.js:335:12)
    at next (/app/api/node_modules/express/lib/router/index.js:275:10)
    at Function.handle (/app/api/node_modules/express/lib/router/index.js:174:3)
[2021-07-20 13:01:36] TypeError: from.hour is not a function
    at Object.backtest (/app/api/services/stats.js:23:17)
    at /app/api/routes.js:45:32
    at Layer.handle [as handle_request] (/app/api/node_modules/express/lib/router/layer.js:95:5)
    at next (/app/api/node_modules/express/lib/router/route.js:137:13)
    at Route.dispatch (/app/api/node_modules/express/lib/router/route.js:112:3)
    at Layer.handle [as handle_request] (/app/api/node_modules/express/lib/router/layer.js:95:5)
    at /app/api/node_modules/express/lib/router/index.js:281:22
    at Function.process_params (/app/api/node_modules/express/lib/router/index.js:335:12)
    at next (/app/api/node_modules/express/lib/router/index.js:275:10)
    at Function.handle (/app/api/node_modules/express/lib/router/index.js:174:3)
[2021-07-20 13:04:33] TypeError: ri.map is not a function
    at /app/api/services/stats.js:32:44
    at Array.map (<anonymous>)
    at Object.backtest (/app/api/services/stats.js:32:31)
    at processTicksAndRejections (internal/process/task_queues.js:97:5)
    at async /app/api/routes.js:45:20
[2021-07-20 14:04:33] TypeError: Cannot read property 'concat' of undefined
    at Object.addStats (/app/api/services/stats.js:9:46)
    at /app/api/routes.js:34:39
    at processTicksAndRejections (internal/process/task_queues.js:97:5)
[2021-07-20 14:05:38] TypeError: Cannot read property 'concat' of undefined
    at Object.addStats (/app/api/services/stats.js:9:46)
    at /app/api/routes.js:34:39
    at processTicksAndRejections (internal/process/task_queues.js:97:5)
[2021-07-20 14:05:39] TypeError: Cannot read property 'concat' of undefined
    at Object.addStats (/app/api/services/stats.js:9:46)
    at /app/api/routes.js:34:39
    at processTicksAndRejections (internal/process/task_queues.js:97:5)
[2021-07-20 14:05:54] TypeError: Cannot read property 'concat' of undefined
    at Object.addStats (/app/api/services/stats.js:9:46)
    at /app/api/routes.js:34:39
    at processTicksAndRejections (internal/process/task_queues.js:97:5)
[2021-07-20 14:06:47] TypeError: Cannot read property 'inSignal' of undefined
    at Object.addStats (/app/api/services/stats.js:9:37)
    at /app/api/routes.js:34:39
    at processTicksAndRejections (internal/process/task_queues.js:97:5)
[2021-07-20 14:28:48] FetchError: invalid json response body at http://stat-service:3111/getStats reason: Unexpected token I in JSON at position 0
    at /app/api/node_modules/node-fetch/lib/index.js:272:32
    at runMicrotasks (<anonymous>)
    at processTicksAndRejections (internal/process/task_queues.js:97:5)
    at async addStats (/app/api/services/stats.js:15:12)
    at async Object.backtest (/app/api/services/stats.js:49:25)
    at async /app/api/routes.js:45:20
[2021-07-20 14:30:05] FetchError: invalid json response body at http://stat-service:3111/getStats reason: Unexpected token I in JSON at position 0
    at /app/api/node_modules/node-fetch/lib/index.js:272:32
    at runMicrotasks (<anonymous>)
    at processTicksAndRejections (internal/process/task_queues.js:97:5)
    at async addStats (/app/api/services/stats.js:15:12)
    at async Object.backtest (/app/api/services/stats.js:49:25)
    at async /app/api/routes.js:45:20
[2021-07-20 14:30:19] FetchError: invalid json response body at http://stat-service:3111/getStats reason: Unexpected token I in JSON at position 0
    at /app/api/node_modules/node-fetch/lib/index.js:272:32
    at runMicrotasks (<anonymous>)
    at processTicksAndRejections (internal/process/task_queues.js:97:5)
    at async addStats (/app/api/services/stats.js:15:12)
    at async Object.backtest (/app/api/services/stats.js:49:25)
    at async /app/api/routes.js:45:20
