[2021-07-27 00:00:01] (https://ftx.com/api/lt/tokens)
[2021-07-27 00:00:01] Long Response
[2021-07-27 00:00:01] (https://ftx.com/api/markets)
[2021-07-27 00:00:01] Long Response
[2021-07-27 00:00:16] (https://ftx.com/api/lt/tokens)
[2021-07-27 00:00:16] Long Response
[2021-07-27 00:00:16] (https://ftx.com/api/account)
[2021-07-27 00:00:16] Long Response
[2021-07-27 00:00:16] (https://ftx.com/api/markets)
[2021-07-27 00:00:16] Long Response
[2021-07-27 00:00:45] (https://ftx.com/api/lt/tokens)
[2021-07-27 00:00:45] Long Response
[2021-07-27 00:00:45] (https://ftx.com/api/markets)
[2021-07-27 00:00:45] Long Response
[2021-07-27 00:01:00] (https://ftx.com/api/lt/tokens)
[2021-07-27 00:01:00] Long Response
[2021-07-27 00:01:00] (https://ftx.com/api/markets)
[2021-07-27 00:01:00] Long Response
[2021-07-27 00:01:15] (https://ftx.com/api/lt/tokens)
[2021-07-27 00:01:15] Long Response
[2021-07-27 00:01:15] (https://ftx.com/api/markets)
[2021-07-27 00:01:15] Long Response
[2021-07-27 00:01:28] (https://ftx.com/api/markets/XLM-PERP/candles?resolution=15&start_time=1626738600&end_time=1626740160)
[2021-07-27 00:01:28] Long Response
[2021-07-27 00:01:28] (https://ftx.com/api/markets/ATOM-PERP/candles?resolution=15&start_time=1626738600&end_time=1626740160)
[2021-07-27 00:01:28] Long Response
[2021-07-27 00:01:29] (https://ftx.com/api/markets/EOS-PERP/candles?resolution=15&start_time=1626738600&end_time=1626740160)
[2021-07-27 00:01:29] Long Response
[2021-07-27 00:01:30] (https://ftx.com/api/markets/TRX-PERP/candles?resolution=15&start_time=1626825000&end_time=1626826560)
[2021-07-27 00:01:30] Long Response
[2021-07-27 00:01:30] (https://ftx.com/api/lt/tokens)
[2021-07-27 00:01:30] Long Response
[2021-07-27 00:01:30] (https://ftx.com/api/lt/tokens)
[2021-07-27 00:01:30] Long Response
[2021-07-27 00:01:30] (https://ftx.com/api/markets)
[2021-07-27 00:01:30] Long Response
[2021-07-27 00:01:30] (https://ftx.com/api/markets)
[2021-07-27 00:01:30] Long Response
[2021-07-27 00:01:30] (https://ftx.com/api/markets)
[2021-07-27 00:01:30] Long Response
[2021-07-27 00:01:45] (https://ftx.com/api/lt/tokens)
[2021-07-27 00:01:45] Long Response
[2021-07-27 00:01:45] (https://ftx.com/api/markets)
[2021-07-27 00:01:45] Long Response
[2021-07-27 00:01:59] (https://ftx.com/api/markets/XLM-PERP/candles?resolution=15&start_time=1626738600&end_time=1626740160)
[2021-07-27 00:01:59] Long Response
[2021-07-27 00:01:59] (https://ftx.com/api/markets/ATOM-PERP/candles?resolution=15&start_time=1626738600&end_time=1626740160)
[2021-07-27 00:01:59] Long Response
[2021-07-27 00:02:00] (https://ftx.com/api/markets/EOS-PERP/candles?resolution=15&start_time=1626738600&end_time=1626740160)
[2021-07-27 00:02:00] Long Response
[2021-07-27 00:02:00] (https://ftx.com/api/markets/TRX-PERP/candles?resolution=15&start_time=1626825000&end_time=1626826560)
[2021-07-27 00:02:00] Long Response
[2021-07-27 00:02:00] (https://ftx.com/api/lt/tokens)
[2021-07-27 00:02:00] Long Response
[2021-07-27 00:02:00] (https://ftx.com/api/markets)
[2021-07-27 00:02:00] Long Response
[2021-07-27 00:02:15] (https://ftx.com/api/lt/tokens)
[2021-07-27 00:02:15] Long Response
[2021-07-27 00:02:15] (https://ftx.com/api/markets)
[2021-07-27 00:02:15] Long Response
[2021-07-27 00:02:25] (https://ftx.com/api/markets/XLM-PERP/candles?resolution=15&start_time=1626738600&end_time=1626740160)
[2021-07-27 00:02:25] Long Response
[2021-07-27 00:02:26] (https://ftx.com/api/markets/ATOM-PERP/candles?resolution=15&start_time=1626738600&end_time=1626740160)
[2021-07-27 00:02:26] Long Response
[2021-07-27 00:02:26] (https://ftx.com/api/markets/EOS-PERP/candles?resolution=15&start_time=1626738600&end_time=1626740160)
[2021-07-27 00:02:26] Long Response
[2021-07-27 00:02:26] (https://ftx.com/api/markets/TRX-PERP/candles?resolution=15&start_time=1626825000&end_time=1626826560)
[2021-07-27 00:02:26] Long Response
[2021-07-27 00:02:30] (https://ftx.com/api/lt/tokens)
[2021-07-27 00:02:30] Long Response
[2021-07-27 00:02:30] (https://ftx.com/api/markets)
[2021-07-27 00:02:30] Long Response
[2021-07-27 00:02:39] (https://ftx.com/api/markets/XLM-PERP/candles?resolution=15&start_time=1626738600&end_time=1626740160)
[2021-07-27 00:02:39] Long Response
[2021-07-27 00:02:40] (https://ftx.com/api/markets/ALGO-PERP/candles?resolution=15&start_time=1626738600&end_time=1626740160)
[2021-07-27 00:02:40] Long Response
[2021-07-27 00:02:40] (https://ftx.com/api/markets/TRX-PERP/candles?resolution=15&start_time=1626738600&end_time=1626740160)
[2021-07-27 00:02:40] Long Response
[2021-07-27 00:02:41] (https://ftx.com/api/markets/DEFI-PERP/candles?resolution=15&start_time=1626738600&end_time=1626740160)
[2021-07-27 00:02:41] Long Response
[2021-07-27 00:02:41] (https://ftx.com/api/markets/TRX-PERP/candles?resolution=15&start_time=1626825000&end_time=1626826560)
[2021-07-27 00:02:41] Long Response
[2021-07-27 00:02:45] (https://ftx.com/api/lt/tokens)
[2021-07-27 00:02:45] Long Response
[2021-07-27 00:02:45] (https://ftx.com/api/markets)
[2021-07-27 00:02:45] Long Response
[2021-07-27 00:03:00] (https://ftx.com/api/lt/tokens)
[2021-07-27 00:03:00] Long Response
[2021-07-27 00:03:00] (https://ftx.com/api/account)
[2021-07-27 00:03:00] Long Response
[2021-07-27 00:03:00] (https://ftx.com/api/markets)
[2021-07-27 00:03:00] Long Response
[2021-07-27 00:03:15] (https://ftx.com/api/lt/tokens)
[2021-07-27 00:03:15] Long Response
[2021-07-27 00:03:15] (https://ftx.com/api/markets)
[2021-07-27 00:03:15] Long Response
[2021-07-27 00:03:30] (https://ftx.com/api/lt/tokens)
[2021-07-27 00:03:30] Long Response
[2021-07-27 00:03:30] (https://ftx.com/api/markets)
[2021-07-27 00:03:30] Long Response
[2021-07-27 00:03:45] (https://ftx.com/api/lt/tokens)
[2021-07-27 00:03:45] Long Response
[2021-07-27 00:03:46] (https://ftx.com/api/markets)
[2021-07-27 00:03:46] Long Response
