[2021-07-03 17:34:09] FetchError: invalid json response body at http://stat-service:3111/getStats reason: Unexpected token I in JSON at position 0
    at /app/api/node_modules/node-fetch/lib/index.js:272:32
    at runMicrotasks (<anonymous>)
    at processTicksAndRejections (internal/process/task_queues.js:97:5)
    at async Object.addStats (/app/api/services/stats.js:10:12)
    at async /app/api/routes.js:26:27
[2021-07-03 17:34:38] FetchError: invalid json response body at http://stat-service:3111/getStats reason: Unexpected token I in JSON at position 0
    at /app/api/node_modules/node-fetch/lib/index.js:272:32
    at runMicrotasks (<anonymous>)
    at processTicksAndRejections (internal/process/task_queues.js:97:5)
    at async Object.addStats (/app/api/services/stats.js:10:12)
    at async /app/api/routes.js:26:27
[2021-07-03 17:40:39] FetchError: invalid json response body at http://stat-service:3111/getStats reason: Unexpected token I in JSON at position 0
    at /app/api/node_modules/node-fetch/lib/index.js:272:32
    at runMicrotasks (<anonymous>)
    at processTicksAndRejections (internal/process/task_queues.js:97:5)
    at async Object.addStats (/app/api/services/stats.js:10:12)
    at async /app/api/routes.js:26:27
[2021-07-03 17:47:52] FetchError: invalid json response body at http://stat-service:3111/getStats reason: Unexpected token I in JSON at position 0
    at /app/api/node_modules/node-fetch/lib/index.js:272:32
    at runMicrotasks (<anonymous>)
    at processTicksAndRejections (internal/process/task_queues.js:97:5)
    at async Object.addStats (/app/api/services/stats.js:10:12)
    at async /app/api/routes.js:26:27
[2021-07-03 17:48:07] FetchError: invalid json response body at http://stat-service:3111/getStats reason: Unexpected token I in JSON at position 0
    at /app/api/node_modules/node-fetch/lib/index.js:272:32
    at runMicrotasks (<anonymous>)
    at processTicksAndRejections (internal/process/task_queues.js:97:5)
    at async Object.addStats (/app/api/services/stats.js:10:12)
    at async /app/api/routes.js:26:27
[2021-07-03 17:53:23] FetchError: invalid json response body at http://stat-service:3111/getStats reason: Unexpected token I in JSON at position 0
    at /app/api/node_modules/node-fetch/lib/index.js:272:32
    at runMicrotasks (<anonymous>)
    at processTicksAndRejections (internal/process/task_queues.js:97:5)
    at async Object.addStats (/app/api/services/stats.js:10:12)
    at async /app/api/routes.js:26:27
[2021-07-03 17:53:30] FetchError: invalid json response body at http://stat-service:3111/getStats reason: Unexpected token I in JSON at position 0
    at /app/api/node_modules/node-fetch/lib/index.js:272:32
    at runMicrotasks (<anonymous>)
    at processTicksAndRejections (internal/process/task_queues.js:97:5)
    at async Object.addStats (/app/api/services/stats.js:10:12)
    at async /app/api/routes.js:26:27
[2021-07-03 17:53:36] FetchError: invalid json response body at http://stat-service:3111/getStats reason: Unexpected token I in JSON at position 0
    at /app/api/node_modules/node-fetch/lib/index.js:272:32
    at runMicrotasks (<anonymous>)
    at processTicksAndRejections (internal/process/task_queues.js:97:5)
    at async Object.addStats (/app/api/services/stats.js:10:12)
    at async /app/api/routes.js:26:27
[2021-07-03 18:13:08] FetchError: invalid json response body at http://stat-service:3111/getStats reason: Unexpected token I in JSON at position 0
    at /app/api/node_modules/node-fetch/lib/index.js:272:32
    at runMicrotasks (<anonymous>)
    at processTicksAndRejections (internal/process/task_queues.js:97:5)
    at async Object.addStats (/app/api/services/stats.js:10:12)
    at async /app/api/routes.js:26:27
[2021-07-03 18:13:19] FetchError: invalid json response body at http://stat-service:3111/getStats reason: Unexpected token I in JSON at position 0
    at /app/api/node_modules/node-fetch/lib/index.js:272:32
    at runMicrotasks (<anonymous>)
    at processTicksAndRejections (internal/process/task_queues.js:97:5)
    at async Object.addStats (/app/api/services/stats.js:10:12)
    at async /app/api/routes.js:26:27
[2021-07-03 18:13:40] FetchError: invalid json response body at http://stat-service:3111/getStats reason: Unexpected token I in JSON at position 0
    at /app/api/node_modules/node-fetch/lib/index.js:272:32
    at runMicrotasks (<anonymous>)
    at processTicksAndRejections (internal/process/task_queues.js:97:5)
    at async Object.addStats (/app/api/services/stats.js:10:12)
    at async /app/api/routes.js:26:27
[2021-07-03 18:13:57] FetchError: invalid json response body at http://stat-service:3111/getStats reason: Unexpected token I in JSON at position 0
    at /app/api/node_modules/node-fetch/lib/index.js:272:32
    at runMicrotasks (<anonymous>)
    at processTicksAndRejections (internal/process/task_queues.js:97:5)
    at async Object.addStats (/app/api/services/stats.js:10:12)
    at async /app/api/routes.js:26:27
[2021-07-03 18:14:28] FetchError: invalid json response body at http://stat-service:3111/getStats reason: Unexpected token I in JSON at position 0
    at /app/api/node_modules/node-fetch/lib/index.js:272:32
    at runMicrotasks (<anonymous>)
    at processTicksAndRejections (internal/process/task_queues.js:97:5)
    at async Object.addStats (/app/api/services/stats.js:10:12)
    at async /app/api/routes.js:26:27
[2021-07-03 18:23:20] FetchError: invalid json response body at http://stat-service:3111/getStats reason: Unexpected token I in JSON at position 0
    at /app/api/node_modules/node-fetch/lib/index.js:272:32
    at runMicrotasks (<anonymous>)
    at processTicksAndRejections (internal/process/task_queues.js:97:5)
    at async Object.addStats (/app/api/services/stats.js:10:12)
    at async /app/api/routes.js:26:27
[2021-07-03 18:24:03] FetchError: invalid json response body at http://stat-service:3111/getStats reason: Unexpected token I in JSON at position 0
    at /app/api/node_modules/node-fetch/lib/index.js:272:32
    at runMicrotasks (<anonymous>)
    at processTicksAndRejections (internal/process/task_queues.js:97:5)
    at async Object.addStats (/app/api/services/stats.js:10:12)
    at async /app/api/routes.js:26:27
[2021-07-03 18:28:05] FetchError: invalid json response body at http://stat-service:3111/getStats reason: Unexpected token I in JSON at position 0
    at /app/api/node_modules/node-fetch/lib/index.js:272:32
    at runMicrotasks (<anonymous>)
    at processTicksAndRejections (internal/process/task_queues.js:97:5)
    at async Object.addStats (/app/api/services/stats.js:10:12)
    at async /app/api/routes.js:26:27
[2021-07-03 18:30:01] FetchError: invalid json response body at http://stat-service:3111/getStats reason: Unexpected token I in JSON at position 0
    at /app/api/node_modules/node-fetch/lib/index.js:272:32
    at runMicrotasks (<anonymous>)
    at processTicksAndRejections (internal/process/task_queues.js:97:5)
    at async Object.addStats (/app/api/services/stats.js:10:12)
    at async /app/api/routes.js:26:27
[2021-07-03 18:30:29] FetchError: invalid json response body at http://stat-service:3111/getStats reason: Unexpected token I in JSON at position 0
    at /app/api/node_modules/node-fetch/lib/index.js:272:32
    at runMicrotasks (<anonymous>)
    at processTicksAndRejections (internal/process/task_queues.js:97:5)
    at async Object.addStats (/app/api/services/stats.js:10:12)
    at async /app/api/routes.js:26:27
[2021-07-03 18:31:40] FetchError: invalid json response body at http://stat-service:3111/getStats reason: Unexpected token I in JSON at position 0
    at /app/api/node_modules/node-fetch/lib/index.js:272:32
    at runMicrotasks (<anonymous>)
    at processTicksAndRejections (internal/process/task_queues.js:97:5)
    at async Object.addStats (/app/api/services/stats.js:10:12)
    at async /app/api/routes.js:26:27
[2021-07-03 18:32:45] FetchError: invalid json response body at http://stat-service:3111/getStats reason: Unexpected token I in JSON at position 0
    at /app/api/node_modules/node-fetch/lib/index.js:272:32
    at runMicrotasks (<anonymous>)
    at processTicksAndRejections (internal/process/task_queues.js:97:5)
    at async Object.addStats (/app/api/services/stats.js:10:12)
    at async /app/api/routes.js:26:27
[2021-07-03 18:37:16] FetchError: invalid json response body at http://stat-service:3111/getStats reason: Unexpected token I in JSON at position 0
    at /app/api/node_modules/node-fetch/lib/index.js:272:32
    at runMicrotasks (<anonymous>)
    at processTicksAndRejections (internal/process/task_queues.js:97:5)
    at async Object.addStats (/app/api/services/stats.js:10:12)
    at async /app/api/routes.js:26:27
[2021-07-03 18:38:11] FetchError: invalid json response body at http://stat-service:3111/getStats reason: Unexpected token I in JSON at position 0
    at /app/api/node_modules/node-fetch/lib/index.js:272:32
    at runMicrotasks (<anonymous>)
    at processTicksAndRejections (internal/process/task_queues.js:97:5)
    at async Object.addStats (/app/api/services/stats.js:10:12)
    at async /app/api/routes.js:26:27
[2021-07-03 18:46:24] FetchError: invalid json response body at http://stat-service:3111/getStats reason: Unexpected token I in JSON at position 0
    at /app/api/node_modules/node-fetch/lib/index.js:272:32
    at runMicrotasks (<anonymous>)
    at processTicksAndRejections (internal/process/task_queues.js:97:5)
    at async Object.addStats (/app/api/services/stats.js:10:12)
    at async /app/api/routes.js:26:27
[2021-07-03 18:51:13] FetchError: invalid json response body at http://stat-service:3111/getStats reason: Unexpected token I in JSON at position 0
    at /app/api/node_modules/node-fetch/lib/index.js:272:32
    at runMicrotasks (<anonymous>)
    at processTicksAndRejections (internal/process/task_queues.js:97:5)
    at async Object.addStats (/app/api/services/stats.js:10:12)
    at async /app/api/routes.js:26:27
[2021-07-03 18:59:36] FetchError: invalid json response body at http://stat-service:3111/getStats reason: Unexpected token I in JSON at position 0
    at /app/api/node_modules/node-fetch/lib/index.js:272:32
    at runMicrotasks (<anonymous>)
    at processTicksAndRejections (internal/process/task_queues.js:97:5)
    at async Object.addStats (/app/api/services/stats.js:10:12)
    at async /app/api/routes.js:26:27
[2021-07-03 19:12:06] FetchError: invalid json response body at http://stat-service:3111/getStats reason: Unexpected token I in JSON at position 0
    at /app/api/node_modules/node-fetch/lib/index.js:272:32
    at runMicrotasks (<anonymous>)
    at processTicksAndRejections (internal/process/task_queues.js:97:5)
    at async Object.addStats (/app/api/services/stats.js:10:12)
    at async /app/api/routes.js:26:27
[2021-07-03 19:12:08] FetchError: invalid json response body at http://stat-service:3111/getStats reason: Unexpected token I in JSON at position 0
    at /app/api/node_modules/node-fetch/lib/index.js:272:32
    at runMicrotasks (<anonymous>)
    at processTicksAndRejections (internal/process/task_queues.js:97:5)
    at async Object.addStats (/app/api/services/stats.js:10:12)
    at async /app/api/routes.js:26:27
[2021-07-03 19:12:17] FetchError: invalid json response body at http://stat-service:3111/getStats reason: Unexpected token I in JSON at position 0
    at /app/api/node_modules/node-fetch/lib/index.js:272:32
    at runMicrotasks (<anonymous>)
    at processTicksAndRejections (internal/process/task_queues.js:97:5)
    at async Object.addStats (/app/api/services/stats.js:10:12)
    at async /app/api/routes.js:26:27
