[2021-07-27 00:01:08] NotFoundError: Not Found
    at /app/api/app.js:37:10
    at Layer.handle [as handle_request] (/app/api/node_modules/express/lib/router/layer.js:95:5)
    at trim_prefix (/app/api/node_modules/express/lib/router/index.js:317:13)
    at /app/api/node_modules/express/lib/router/index.js:284:7
    at Function.process_params (/app/api/node_modules/express/lib/router/index.js:335:12)
    at next (/app/api/node_modules/express/lib/router/index.js:275:10)
    at /app/api/node_modules/express/lib/router/index.js:635:15
    at next (/app/api/node_modules/express/lib/router/index.js:260:14)
    at Function.handle (/app/api/node_modules/express/lib/router/index.js:174:3)
    at router (/app/api/node_modules/express/lib/router/index.js:47:12)
[2021-07-27 00:01:08] NotFoundError: Not Found
    at /app/api/app.js:37:10
    at Layer.handle [as handle_request] (/app/api/node_modules/express/lib/router/layer.js:95:5)
    at trim_prefix (/app/api/node_modules/express/lib/router/index.js:317:13)
    at /app/api/node_modules/express/lib/router/index.js:284:7
    at Function.process_params (/app/api/node_modules/express/lib/router/index.js:335:12)
    at next (/app/api/node_modules/express/lib/router/index.js:275:10)
    at /app/api/node_modules/express/lib/router/index.js:635:15
    at next (/app/api/node_modules/express/lib/router/index.js:260:14)
    at Function.handle (/app/api/node_modules/express/lib/router/index.js:174:3)
    at router (/app/api/node_modules/express/lib/router/index.js:47:12)
